{
	"/Users/yhafez/Documents/Web Projects/video-chat-app/client/src/main.tsx": {
		"path": "/Users/yhafez/Documents/Web Projects/video-chat-app/client/src/main.tsx",
		"statementMap": {
			"0": { "start": { "line": 6, "column": 0 }, "end": { "line": 10, "column": 1 } }
		},
		"fnMap": {},
		"branchMap": {},
		"s": { "0": 0 },
		"f": {},
		"b": {}
	},
	"/Users/yhafez/Documents/Web Projects/video-chat-app/client/src/components/App.tsx": {
		"path": "/Users/yhafez/Documents/Web Projects/video-chat-app/client/src/components/App.tsx",
		"statementMap": {
			"0": { "start": { "line": 4, "column": 1 }, "end": { "line": 24, "column": 2 } }
		},
		"fnMap": {
			"0": {
				"name": "App",
				"decl": { "start": { "line": 3, "column": 9 }, "end": { "line": 3, "column": 12 } },
				"loc": { "start": { "line": 3, "column": 15 }, "end": { "line": 25, "column": 1 } },
				"line": 3
			}
		},
		"branchMap": {},
		"s": { "0": 0 },
		"f": { "0": 0 },
		"b": {}
	},
	"/Users/yhafez/Documents/Web Projects/video-chat-app/client/src/components/Avatar/index.tsx": {
		"path": "/Users/yhafez/Documents/Web Projects/video-chat-app/client/src/components/Avatar/index.tsx",
		"statementMap": {
			"0": { "start": { "line": 11, "column": 36 }, "end": { "line": 15, "column": 1 } },
			"1": { "start": { "line": 17, "column": 20 }, "end": { "line": 26, "column": 1 } },
			"2": { "start": { "line": 18, "column": 1 }, "end": { "line": 25, "column": 8 } },
			"3": { "start": { "line": 29, "column": 1 }, "end": { "line": 31, "column": 2 } },
			"4": { "start": { "line": 30, "column": 2 }, "end": { "line": 30, "column": 36 } },
			"5": { "start": { "line": 33, "column": 1 }, "end": { "line": 35, "column": 2 } }
		},
		"fnMap": {
			"0": {
				"name": "(anonymous_0)",
				"decl": { "start": { "line": 17, "column": 20 }, "end": { "line": 17, "column": 21 } },
				"loc": { "start": { "line": 18, "column": 1 }, "end": { "line": 25, "column": 8 } },
				"line": 18
			},
			"1": {
				"name": "Avatar",
				"decl": { "start": { "line": 28, "column": 24 }, "end": { "line": 28, "column": 30 } },
				"loc": { "start": { "line": 28, "column": 75 }, "end": { "line": 36, "column": 1 } },
				"line": 28
			}
		},
		"branchMap": {
			"0": {
				"loc": { "start": { "line": 17, "column": 23 }, "end": { "line": 17, "column": 38 } },
				"type": "default-arg",
				"locations": [
					{ "start": { "line": 17, "column": 30 }, "end": { "line": 17, "column": 38 } }
				],
				"line": 17
			},
			"1": {
				"loc": { "start": { "line": 28, "column": 33 }, "end": { "line": 28, "column": 48 } },
				"type": "default-arg",
				"locations": [
					{ "start": { "line": 28, "column": 40 }, "end": { "line": 28, "column": 48 } }
				],
				"line": 28
			},
			"2": {
				"loc": { "start": { "line": 29, "column": 1 }, "end": { "line": 31, "column": 2 } },
				"type": "if",
				"locations": [
					{ "start": { "line": 29, "column": 1 }, "end": { "line": 31, "column": 2 } },
					{ "start": {}, "end": {} }
				],
				"line": 29
			}
		},
		"s": { "0": 1, "1": 1, "2": 1, "3": 5, "4": 1, "5": 4 },
		"f": { "0": 1, "1": 5 },
		"b": { "0": [0], "1": [2], "2": [1, 4] },
		"_coverageSchema": "1a1c01bbd47fc00a2c39e90264f33305004495a9",
		"hash": "1c86e4f692158798e64162df192554a03e30d76f"
	}
}
